<?xml version="1.0" encoding="UTF-8"?>
<testsuite name="casino.game.GameRuleTest" tests="10" skipped="0" failures="0" errors="0" timestamp="2020-10-30T09:18:00" hostname="DESKTOP-8SF670N" time="0.025">
  <properties/>
  <testcase name="[0] 0, 10, 0, Bet[] (DetermineWinner_ShouldPickOneBetFromSetOfBetsBasedOnRandomNumberGiven)" classname="casino.game.GameRuleTest" time="0.002"/>
  <testcase name="[1] 10, 10, 1, Bet[] (DetermineWinner_ShouldPickOneBetFromSetOfBetsBasedOnRandomNumberGiven)" classname="casino.game.GameRuleTest" time="0.002"/>
  <testcase name="[2] 70, 10, 6, Bet[] (DetermineWinner_ShouldPickOneBetFromSetOfBetsBasedOnRandomNumberGiven)" classname="casino.game.GameRuleTest" time="0.001"/>
  <testcase name="[3] 90, 5, 4, Bet[] (DetermineWinner_ShouldPickOneBetFromSetOfBetsBasedOnRandomNumberGiven)" classname="casino.game.GameRuleTest" time="0.001"/>
  <testcase name="[4] 50, 20, 10, Bet[] (DetermineWinner_ShouldPickOneBetFromSetOfBetsBasedOnRandomNumberGiven)" classname="casino.game.GameRuleTest" time="0.001"/>
  <testcase name="DetermineWinner_ShouldThrowNoBetsMadeExceptionWhenGivenEmptySetOfBets" classname="casino.game.GameRuleTest" time="0.005"/>
  <testcase name="[0] 3 (GetMaxBetsPerRound_ShouldReturnNumberOfBetsEqualToNumberOfBetsAssigned)" classname="casino.game.GameRuleTest" time="0.001"/>
  <testcase name="[1] 5 (GetMaxBetsPerRound_ShouldReturnNumberOfBetsEqualToNumberOfBetsAssigned)" classname="casino.game.GameRuleTest" time="0.001"/>
  <testcase name="[2] 10 (GetMaxBetsPerRound_ShouldReturnNumberOfBetsEqualToNumberOfBetsAssigned)" classname="casino.game.GameRuleTest" time="0.001"/>
  <testcase name="[3] 20 (GetMaxBetsPerRound_ShouldReturnNumberOfBetsEqualToNumberOfBetsAssigned)" classname="casino.game.GameRuleTest" time="0.001"/>
  <system-out><![CDATA[]]></system-out>
  <system-err><![CDATA[]]></system-err>
</testsuite>
